<?xml version="1.0" encoding="UTF-8"?>
<testng-results ignored="0" total="1" passed="1" failed="0" skipped="0">
  <reporter-output>
  </reporter-output>
  <suite started-at="2021-10-09T21:16:16 EDT" name="Default suite" finished-at="2021-10-09T21:16:18 EDT" duration-ms="1273">
    <groups>
      <group name="cucumber">
        <method signature="AbstractTestNGCucumberTests.runScenario(io.cucumber.testng.PickleWrapper,io.cucumber.testng.FeatureWrapper)[pri:0, instance:com.runner.Runner@13526e59]" name="runScenario" class="io.cucumber.testng.AbstractTestNGCucumberTests"/>
      </group> <!-- cucumber -->
    </groups>
    <test started-at="2021-10-09T21:16:16 EDT" name="Default test" finished-at="2021-10-09T21:16:18 EDT" duration-ms="1273">
      <class name="com.runner.Runner">
        <test-method is-config="true" signature="setUpClass()[pri:0, instance:com.runner.Runner@13526e59]" started-at="2021-10-09T21:16:16 EDT" name="setUpClass" finished-at="2021-10-09T21:16:17 EDT" duration-ms="219" status="PASS">
          <reporter-output>
          </reporter-output>
        </test-method> <!-- setUpClass -->
        <test-method signature="runScenario(io.cucumber.testng.PickleWrapper,io.cucumber.testng.FeatureWrapper)[pri:0, instance:com.runner.Runner@13526e59]" started-at="2021-10-09T21:16:17 EDT" name="runScenario" description="Runs Cucumber Scenarios" data-provider="scenarios" finished-at="2021-10-09T21:16:18 EDT" duration-ms="979" status="PASS">
          <params>
            <param index="0">
              <value>
                <![CDATA["User login with valid username & verify the page title"]]>
              </value>
            </param>
            <param index="1">
              <value>
                <![CDATA["Optional[User able to login with valid username & password]"]]>
              </value>
            </param>
          </params>
          <reporter-output>
          </reporter-output>
        </test-method> <!-- runScenario -->
        <test-method is-config="true" signature="tearDownClass()[pri:0, instance:com.runner.Runner@13526e59]" started-at="2021-10-09T21:16:18 EDT" name="tearDownClass" finished-at="2021-10-09T21:16:18 EDT" duration-ms="46" status="PASS">
          <reporter-output>
          </reporter-output>
        </test-method> <!-- tearDownClass -->
      </class> <!-- com.runner.Runner -->
    </test> <!-- Default test -->
  </suite> <!-- Default suite -->
</testng-results>
